<?xml version="1.0" encoding="UTF-8"?>
<testng-results skipped="0" failed="0" total="1" passed="1">
  <reporter-output>
  </reporter-output>
  <suite name="Tests" duration-ms="18543" started-at="2015-03-28T21:51:57Z" finished-at="2015-03-28T21:52:15Z">
    <groups>
    </groups>
    <test name="Test1" duration-ms="18543" started-at="2015-03-28T21:51:57Z" finished-at="2015-03-28T21:52:15Z">
      <class name="ru.st.selenium.LoginTest">
        <test-method status="PASS" signature="init()" name="init" is-config="true" duration-ms="13565" started-at="2015-03-28T21:51:57Z" finished-at="2015-03-28T21:52:10Z">
        </test-method>
        <test-method status="PASS" signature="testUntitled()" name="testUntitled" duration-ms="4945" started-at="2015-03-28T21:52:10Z" finished-at="2015-03-28T21:52:15Z">
        </test-method>
        <test-method status="PASS" signature="tearDown()" name="tearDown" is-config="true" duration-ms="599" started-at="2015-03-28T21:52:15Z" finished-at="2015-03-28T21:52:16Z">
        </test-method>
      </class>
    </test>
  </suite>
</testng-results>
